<?xml version="1.0" encoding="UTF-8"?>
<!-- Generated by org.testng.reporters.JUnitReportReporter -->
<testsuite hostname="DESKTOP-5TN5CVM" failures="0" tests="3" name="AppuimMobileTesting.AppuimMobileTesting.AppTest" time="26.942" errors="0" timestamp="2025-05-15T11:47:36 EET" skipped="1">
  <testcase classname="AppuimMobileTesting.AppuimMobileTesting.AppTest" name="ClickOnNumbersOnly" time="14.944"/>
  <testcase classname="AppuimMobileTesting.AppuimMobileTesting.AppTest" name="DivideByZero" time="11.998"/>
  <testcase classname="AppuimMobileTesting.AppuimMobileTesting.AppTest" name="AddTwoDigits">
    <skipped/>
  </testcase> <!-- AddTwoDigits -->
</testsuite> <!-- AppuimMobileTesting.AppuimMobileTesting.AppTest -->
